<?xml version="1.0" encoding="UTF-8"?>
<!-- Generated by org.testng.reporters.JUnitXMLReporter -->
<testsuite hostname="DESKTOP-GPIVKM8" ignored="0" tests="4" failures="0" timestamp="30 márc. 2019 21:53:06 GMT" time="41.126" errors="0">
  <testcase name="createdBy255Chars_C21" time="1.658" classname="SubmitIssueTest"/>
  <testcase name="createdBy256Chars_C20" time="1.639" classname="SubmitIssueTest"/>
  <testcase name="text3000Chars_C17" time="9.613" classname="SubmitIssueTest"/>
  <testcase name="title255Chars_C18" time="1.79" classname="SubmitIssueTest"/>
</testsuite>
