<?xml version="1.0" encoding="UTF-8"?>
<!-- Generated by org.testng.reporters.JUnitXMLReporter -->
<testsuite hostname="DESKTOP-GPIVKM8" ignored="0" tests="18" failures="0" timestamp="21 márc. 2020 22:09:20 GMT" time="149.019" errors="0">
  <testcase name="FourEntered_C12" time="0.5" classname="SubmitIssueTest"/>
  <testcase name="allFiveEntered_C14" time="0.952" classname="SubmitIssueTest"/>
  <testcase name="createdBy255Chars_C21" time="1.435" classname="SubmitIssueTest"/>
  <testcase name="createdBy256Chars_C20" time="1.394" classname="SubmitIssueTest"/>
  <testcase name="firstIsTwoChars_C9" time="0.829" classname="SubmitIssueTest"/>
  <testcase name="firstTwoButNotThird_C7" time="0.817" classname="SubmitIssueTest"/>
  <testcase name="mandatoryFieldsAreEnteredExceptTitle_C4" time="0.779" classname="SubmitIssueTest"/>
  <testcase name="noTextisEntered_C6" time="0.79" classname="SubmitIssueTest"/>
  <testcase name="nonValidTitle_C2" time="0.729" classname="SubmitIssueTest"/>
  <testcase name="nothingIsEnteredToBested_C3" time="0.674" classname="SubmitIssueTest"/>
  <testcase name="secondIsTwoChars_C10" time="0.882" classname="SubmitIssueTest"/>
  <testcase name="text3000Chars_C17" time="7.947" classname="SubmitIssueTest"/>
  <testcase name="text3001Chars_C16" time="8.112" classname="SubmitIssueTest"/>
  <testcase name="thirdIsTwoChars_C11" time="0.806" classname="SubmitIssueTest"/>
  <testcase name="title255Chars_C18" time="1.582" classname="SubmitIssueTest"/>
  <testcase name="title256Chars_C15" time="1.578" classname="SubmitIssueTest"/>
  <testcase name="titleIsProvidedButNoTextField_C5" time="0.726" classname="SubmitIssueTest"/>
  <testcase name="validValuesForTheAPI_C1" time="0.844" classname="SubmitIssueTest"/>
</testsuite>
