<?xml version="1.0" encoding="UTF-8"?>
<testsuite xmlns:xsi="http://www.w3.org/2001/XMLSchema-instance" xsi:noNamespaceSchemaLocation="https://maven.apache.org/surefire/maven-surefire-plugin/xsd/surefire-test-report.xsd" name="SubmitIssueTest" time="41.723" tests="4" errors="0" skipped="0" failures="0">
  <properties>
[...]
</properties>
  <testcase name="createdBy255Chars_C21" classname="SubmitIssueTest" time="1.659"/>
  <testcase name="createdBy256Chars_C20" classname="SubmitIssueTest" time="1.639"/>
  <testcase name="text3000Chars_C17" classname="SubmitIssueTest" time="9.613"/>
  <testcase name="title255Chars_C18" classname="SubmitIssueTest" time="1.79"/>
</testsuite>