<?xml version="1.0" encoding="UTF-8"?>
<!-- Generated by org.testng.reporters.JUnitReportReporter -->
<testsuite skipped="0" hostname="DESKTOP-GPIVKM8" name="SubmitIssueTest" tests="18" failures="0" timestamp="21 márc. 2020 22:09:20 GMT" time="148.982" errors="0">
  <testcase name="text3001Chars_C16" time="14.707" classname="SubmitIssueTest"/>
  <testcase name="noTextisEntered_C6" time="7.990" classname="SubmitIssueTest"/>
  <testcase name="firstTwoButNotThird_C7" time="7.013" classname="SubmitIssueTest"/>
  <testcase name="nonValidTitle_C2" time="6.915" classname="SubmitIssueTest"/>
  <testcase name="firstIsTwoChars_C9" time="7.067" classname="SubmitIssueTest"/>
  <testcase name="title256Chars_C15" time="7.836" classname="SubmitIssueTest"/>
  <testcase name="createdBy256Chars_C20" time="8.824" classname="SubmitIssueTest"/>
  <testcase name="titleIsProvidedButNoTextField_C5" time="6.984" classname="SubmitIssueTest"/>
  <testcase name="title255Chars_C18" time="7.752" classname="SubmitIssueTest"/>
  <testcase name="nothingIsEnteredToBested_C3" time="7.337" classname="SubmitIssueTest"/>
  <testcase name="allFiveEntered_C14" time="7.814" classname="SubmitIssueTest"/>
  <testcase name="secondIsTwoChars_C10" time="7.256" classname="SubmitIssueTest"/>
  <testcase name="mandatoryFieldsAreEnteredExceptTitle_C4" time="6.903" classname="SubmitIssueTest"/>
  <testcase name="thirdIsTwoChars_C11" time="7.129" classname="SubmitIssueTest"/>
  <testcase name="text3000Chars_C17" time="14.037" classname="SubmitIssueTest"/>
  <testcase name="validValuesForTheAPI_C1" time="7.658" classname="SubmitIssueTest"/>
  <testcase name="FourEntered_C12" time="6.771" classname="SubmitIssueTest"/>
  <testcase name="createdBy255Chars_C21" time="8.989" classname="SubmitIssueTest"/>
</testsuite> <!-- SubmitIssueTest -->
