<?xml version="1.0" encoding="UTF-8"?>
<!-- Generated by org.testng.reporters.JUnitReportReporter -->
<testsuite skipped="0" hostname="DESKTOP-GPIVKM8" name="SubmitIssueTest" tests="4" failures="0" timestamp="30 márc. 2019 21:53:06 GMT" time="41.107" errors="0">
  <testcase name="text3000Chars_C17" time="16.341" classname="SubmitIssueTest"/>
  <testcase name="title255Chars_C18" time="7.789" classname="SubmitIssueTest"/>
  <testcase name="createdBy255Chars_C21" time="9.437" classname="SubmitIssueTest"/>
  <testcase name="createdBy256Chars_C20" time="7.540" classname="SubmitIssueTest"/>
</testsuite> <!-- SubmitIssueTest -->
